<?xml version="1.0" encoding="UTF-8"?>
<testsuite xmlns:xsi="http://www.w3.org/2001/XMLSchema-instance" xsi:noNamespaceSchemaLocation="https://maven.apache.org/surefire/maven-surefire-plugin/xsd/surefire-test-report.xsd" name="com.china.china.ChinaApplicationTests" time="16.595" tests="1" errors="0" skipped="0" failures="0">
  <properties>
    <property name="sun.desktop" value="gnome"/>
    <property name="awt.toolkit" value="sun.awt.X11.XToolkit"/>
    <property name="file.encoding.pkg" value="sun.io"/>
    <property name="java.specification.version" value="1.8"/>
    <property name="sun.cpu.isalist" value=""/>
    <property name="sun.jnu.encoding" value="UTF-8"/>
    <property name="java.class.path" value="/home/admin1/Descargas/china/target/test-classes:/home/admin1/Descargas/china/target/classes:/home/admin1/.m2/repository/org/springframework/boot/spring-boot-starter-web/2.7.9/spring-boot-starter-web-2.7.9.jar:/home/admin1/.m2/repository/org/springframework/boot/spring-boot-starter/2.7.9/spring-boot-starter-2.7.9.jar:/home/admin1/.m2/repository/org/springframework/boot/spring-boot/2.7.9/spring-boot-2.7.9.jar:/home/admin1/.m2/repository/org/springframework/boot/spring-boot-autoconfigure/2.7.9/spring-boot-autoconfigure-2.7.9.jar:/home/admin1/.m2/repository/org/springframework/boot/spring-boot-starter-logging/2.7.9/spring-boot-starter-logging-2.7.9.jar:/home/admin1/.m2/repository/ch/qos/logback/logback-classic/1.2.11/logback-classic-1.2.11.jar:/home/admin1/.m2/repository/ch/qos/logback/logback-core/1.2.11/logback-core-1.2.11.jar:/home/admin1/.m2/repository/org/apache/logging/log4j/log4j-to-slf4j/2.17.2/log4j-to-slf4j-2.17.2.jar:/home/admin1/.m2/repository/org/apache/logging/log4j/log4j-api/2.17.2/log4j-api-2.17.2.jar:/home/admin1/.m2/repository/org/slf4j/jul-to-slf4j/1.7.36/jul-to-slf4j-1.7.36.jar:/home/admin1/.m2/repository/jakarta/annotation/jakarta.annotation-api/1.3.5/jakarta.annotation-api-1.3.5.jar:/home/admin1/.m2/repository/org/yaml/snakeyaml/1.30/snakeyaml-1.30.jar:/home/admin1/.m2/repository/org/springframework/boot/spring-boot-starter-json/2.7.9/spring-boot-starter-json-2.7.9.jar:/home/admin1/.m2/repository/com/fasterxml/jackson/core/jackson-databind/2.13.5/jackson-databind-2.13.5.jar:/home/admin1/.m2/repository/com/fasterxml/jackson/core/jackson-annotations/2.13.5/jackson-annotations-2.13.5.jar:/home/admin1/.m2/repository/com/fasterxml/jackson/core/jackson-core/2.13.5/jackson-core-2.13.5.jar:/home/admin1/.m2/repository/com/fasterxml/jackson/datatype/jackson-datatype-jdk8/2.13.5/jackson-datatype-jdk8-2.13.5.jar:/home/admin1/.m2/repository/com/fasterxml/jackson/datatype/jackson-datatype-jsr310/2.13.5/jackson-datatype-jsr310-2.13.5.jar:/home/admin1/.m2/repository/com/fasterxml/jackson/module/jackson-module-parameter-names/2.13.5/jackson-module-parameter-names-2.13.5.jar:/home/admin1/.m2/repository/org/springframework/boot/spring-boot-starter-tomcat/2.7.9/spring-boot-starter-tomcat-2.7.9.jar:/home/admin1/.m2/repository/org/apache/tomcat/embed/tomcat-embed-core/9.0.71/tomcat-embed-core-9.0.71.jar:/home/admin1/.m2/repository/org/apache/tomcat/embed/tomcat-embed-el/9.0.71/tomcat-embed-el-9.0.71.jar:/home/admin1/.m2/repository/org/apache/tomcat/embed/tomcat-embed-websocket/9.0.71/tomcat-embed-websocket-9.0.71.jar:/home/admin1/.m2/repository/org/springframework/spring-web/5.3.25/spring-web-5.3.25.jar:/home/admin1/.m2/repository/org/springframework/spring-beans/5.3.25/spring-beans-5.3.25.jar:/home/admin1/.m2/repository/org/springframework/spring-webmvc/5.3.25/spring-webmvc-5.3.25.jar:/home/admin1/.m2/repository/org/springframework/spring-aop/5.3.25/spring-aop-5.3.25.jar:/home/admin1/.m2/repository/org/springframework/spring-context/5.3.25/spring-context-5.3.25.jar:/home/admin1/.m2/repository/org/springframework/spring-expression/5.3.25/spring-expression-5.3.25.jar:/home/admin1/.m2/repository/org/projectlombok/lombok/1.18.26/lombok-1.18.26.jar:/home/admin1/.m2/repository/org/springframework/boot/spring-boot-starter-test/2.7.9/spring-boot-starter-test-2.7.9.jar:/home/admin1/.m2/repository/org/springframework/boot/spring-boot-test/2.7.9/spring-boot-test-2.7.9.jar:/home/admin1/.m2/repository/org/springframework/boot/spring-boot-test-autoconfigure/2.7.9/spring-boot-test-autoconfigure-2.7.9.jar:/home/admin1/.m2/repository/com/jayway/jsonpath/json-path/2.7.0/json-path-2.7.0.jar:/home/admin1/.m2/repository/net/minidev/json-smart/2.4.8/json-smart-2.4.8.jar:/home/admin1/.m2/repository/net/minidev/accessors-smart/2.4.8/accessors-smart-2.4.8.jar:/home/admin1/.m2/repository/org/slf4j/slf4j-api/1.7.36/slf4j-api-1.7.36.jar:/home/admin1/.m2/repository/jakarta/xml/bind/jakarta.xml.bind-api/2.3.3/jakarta.xml.bind-api-2.3.3.jar:/home/admin1/.m2/repository/jakarta/activation/jakarta.activation-api/1.2.2/jakarta.activation-api-1.2.2.jar:/home/admin1/.m2/repository/org/assertj/assertj-core/3.22.0/assertj-core-3.22.0.jar:/home/admin1/.m2/repository/org/hamcrest/hamcrest/2.2/hamcrest-2.2.jar:/home/admin1/.m2/repository/org/junit/jupiter/junit-jupiter/5.8.2/junit-jupiter-5.8.2.jar:/home/admin1/.m2/repository/org/junit/jupiter/junit-jupiter-api/5.8.2/junit-jupiter-api-5.8.2.jar:/home/admin1/.m2/repository/org/opentest4j/opentest4j/1.2.0/opentest4j-1.2.0.jar:/home/admin1/.m2/repository/org/junit/platform/junit-platform-commons/1.8.2/junit-platform-commons-1.8.2.jar:/home/admin1/.m2/repository/org/apiguardian/apiguardian-api/1.1.2/apiguardian-api-1.1.2.jar:/home/admin1/.m2/repository/org/junit/jupiter/junit-jupiter-params/5.8.2/junit-jupiter-params-5.8.2.jar:/home/admin1/.m2/repository/org/junit/jupiter/junit-jupiter-engine/5.8.2/junit-jupiter-engine-5.8.2.jar:/home/admin1/.m2/repository/org/junit/platform/junit-platform-engine/1.8.2/junit-platform-engine-1.8.2.jar:/home/admin1/.m2/repository/org/mockito/mockito-core/4.5.1/mockito-core-4.5.1.jar:/home/admin1/.m2/repository/net/bytebuddy/byte-buddy/1.12.23/byte-buddy-1.12.23.jar:/home/admin1/.m2/repository/net/bytebuddy/byte-buddy-agent/1.12.23/byte-buddy-agent-1.12.23.jar:/home/admin1/.m2/repository/org/objenesis/objenesis/3.2/objenesis-3.2.jar:/home/admin1/.m2/repository/org/mockito/mockito-junit-jupiter/4.5.1/mockito-junit-jupiter-4.5.1.jar:/home/admin1/.m2/repository/org/skyscreamer/jsonassert/1.5.1/jsonassert-1.5.1.jar:/home/admin1/.m2/repository/com/vaadin/external/google/android-json/0.0.20131108.vaadin1/android-json-0.0.20131108.vaadin1.jar:/home/admin1/.m2/repository/org/springframework/spring-core/5.3.25/spring-core-5.3.25.jar:/home/admin1/.m2/repository/org/springframework/spring-jcl/5.3.25/spring-jcl-5.3.25.jar:/home/admin1/.m2/repository/org/springframework/spring-test/5.3.25/spring-test-5.3.25.jar:/home/admin1/.m2/repository/org/xmlunit/xmlunit-core/2.9.1/xmlunit-core-2.9.1.jar:/home/admin1/.m2/repository/com/mercadopago/sdk-java/2.1.6/sdk-java-2.1.6.jar:/home/admin1/.m2/repository/org/apache/maven/plugins/maven-javadoc-plugin/3.3.2/maven-javadoc-plugin-3.3.2.jar:/home/admin1/.m2/repository/org/apache/maven/maven-core/3.0/maven-core-3.0.jar:/home/admin1/.m2/repository/org/apache/maven/maven-settings-builder/3.0/maven-settings-builder-3.0.jar:/home/admin1/.m2/repository/org/apache/maven/maven-repository-metadata/3.0/maven-repository-metadata-3.0.jar:/home/admin1/.m2/repository/org/apache/maven/maven-model-builder/3.0/maven-model-builder-3.0.jar:/home/admin1/.m2/repository/org/apache/maven/maven-aether-provider/3.0/maven-aether-provider-3.0.jar:/home/admin1/.m2/repository/org/sonatype/aether/aether-impl/1.7/aether-impl-1.7.jar:/home/admin1/.m2/repository/org/sonatype/aether/aether-spi/1.7/aether-spi-1.7.jar:/home/admin1/.m2/repository/org/sonatype/aether/aether-api/1.7/aether-api-1.7.jar:/home/admin1/.m2/repository/org/sonatype/aether/aether-util/1.7/aether-util-1.7.jar:/home/admin1/.m2/repository/org/sonatype/sisu/sisu-inject-plexus/1.4.2/sisu-inject-plexus-1.4.2.jar:/home/admin1/.m2/repository/org/sonatype/sisu/sisu-inject-bean/1.4.2/sisu-inject-bean-1.4.2.jar:/home/admin1/.m2/repository/org/sonatype/sisu/sisu-guice/2.1.7/sisu-guice-2.1.7-noaop.jar:/home/admin1/.m2/repository/org/codehaus/plexus/plexus-interpolation/1.14/plexus-interpolation-1.14.jar:/home/admin1/.m2/repository/org/codehaus/plexus/plexus-classworlds/2.2.3/plexus-classworlds-2.2.3.jar:/home/admin1/.m2/repository/org/codehaus/plexus/plexus-component-annotations/1.5.5/plexus-component-annotations-1.5.5.jar:/home/admin1/.m2/repository/org/sonatype/plexus/plexus-sec-dispatcher/1.3/plexus-sec-dispatcher-1.3.jar:/home/admin1/.m2/repository/org/sonatype/plexus/plexus-cipher/1.4/plexus-cipher-1.4.jar:/home/admin1/.m2/repository/org/apache/maven/maven-model/3.0/maven-model-3.0.jar:/home/admin1/.m2/repository/org/apache/maven/maven-settings/3.0/maven-settings-3.0.jar:/home/admin1/.m2/repository/org/apache/maven/maven-plugin-api/3.0/maven-plugin-api-3.0.jar:/home/admin1/.m2/repository/org/apache/maven/maven-artifact/3.0/maven-artifact-3.0.jar:/home/admin1/.m2/repository/org/apache/maven/reporting/maven-reporting-api/3.1.0/maven-reporting-api-3.1.0.jar:/home/admin1/.m2/repository/org/apache/maven/maven-archiver/3.5.1/maven-archiver-3.5.1.jar:/home/admin1/.m2/repository/org/apache/maven/shared/maven-shared-utils/3.3.3/maven-shared-utils-3.3.3.jar:/home/admin1/.m2/repository/org/apache/maven/shared/maven-invoker/3.1.0/maven-invoker-3.1.0.jar:/home/admin1/.m2/repository/javax/inject/javax.inject/1/javax.inject-1.jar:/home/admin1/.m2/repository/org/apache/maven/shared/maven-common-artifact-filters/3.1.1/maven-common-artifact-filters-3.1.1.jar:/home/admin1/.m2/repository/org/apache/maven/shared/maven-artifact-transfer/0.13.1/maven-artifact-transfer-0.13.1.jar:/home/admin1/.m2/repository/org/apache/maven/doxia/doxia-sink-api/1.11.1/doxia-sink-api-1.11.1.jar:/home/admin1/.m2/repository/org/apache/maven/doxia/doxia-logging-api/1.11.1/doxia-logging-api-1.11.1.jar:/home/admin1/.m2/repository/org/apache/maven/doxia/doxia-site-renderer/1.11.1/doxia-site-renderer-1.11.1.jar:/home/admin1/.m2/repository/org/apache/maven/doxia/doxia-core/1.11.1/doxia-core-1.11.1.jar:/home/admin1/.m2/repository/org/apache/maven/doxia/doxia-decoration-model/1.11.1/doxia-decoration-model-1.11.1.jar:/home/admin1/.m2/repository/org/apache/maven/doxia/doxia-skin-model/1.11.1/doxia-skin-model-1.11.1.jar:/home/admin1/.m2/repository/org/apache/maven/doxia/doxia-module-xhtml/1.11.1/doxia-module-xhtml-1.11.1.jar:/home/admin1/.m2/repository/org/apache/maven/doxia/doxia-module-xhtml5/1.11.1/doxia-module-xhtml5-1.11.1.jar:/home/admin1/.m2/repository/org/codehaus/plexus/plexus-i18n/1.0-beta-10/plexus-i18n-1.0-beta-10.jar:/home/admin1/.m2/repository/org/codehaus/plexus/plexus-container-default/1.0-alpha-30/plexus-container-default-1.0-alpha-30.jar:/home/admin1/.m2/repository/junit/junit/4.13.2/junit-4.13.2.jar:/home/admin1/.m2/repository/org/hamcrest/hamcrest-core/2.2/hamcrest-core-2.2.jar:/home/admin1/.m2/repository/org/codehaus/plexus/plexus-velocity/1.2/plexus-velocity-1.2.jar:/home/admin1/.m2/repository/org/apache/velocity/velocity/1.7/velocity-1.7.jar:/home/admin1/.m2/repository/commons-lang/commons-lang/2.4/commons-lang-2.4.jar:/home/admin1/.m2/repository/org/apache/velocity/velocity-tools/2.0/velocity-tools-2.0.jar:/home/admin1/.m2/repository/commons-beanutils/commons-beanutils/1.7.0/commons-beanutils-1.7.0.jar:/home/admin1/.m2/repository/commons-digester/commons-digester/1.8/commons-digester-1.8.jar:/home/admin1/.m2/repository/commons-chain/commons-chain/1.1/commons-chain-1.1.jar:/home/admin1/.m2/repository/commons-logging/commons-logging/1.1/commons-logging-1.1.jar:/home/admin1/.m2/repository/dom4j/dom4j/1.1/dom4j-1.1.jar:/home/admin1/.m2/repository/oro/oro/2.0.8/oro-2.0.8.jar:/home/admin1/.m2/repository/commons-collections/commons-collections/3.2.2/commons-collections-3.2.2.jar:/home/admin1/.m2/repository/org/apache/maven/wagon/wagon-provider-api/2.4/wagon-provider-api-2.4.jar:/home/admin1/.m2/repository/org/apache/commons/commons-lang3/3.12.0/commons-lang3-3.12.0.jar:/home/admin1/.m2/repository/org/apache/commons/commons-text/1.9/commons-text-1.9.jar:/home/admin1/.m2/repository/org/apache/httpcomponents/httpcore/4.4.16/httpcore-4.4.16.jar:/home/admin1/.m2/repository/com/thoughtworks/qdox/qdox/2.0.1/qdox-2.0.1.jar:/home/admin1/.m2/repository/org/codehaus/plexus/plexus-java/1.1.0/plexus-java-1.1.0.jar:/home/admin1/.m2/repository/org/ow2/asm/asm/9.2/asm-9.2.jar:/home/admin1/.m2/repository/org/codehaus/plexus/plexus-archiver/4.2.6/plexus-archiver-4.2.6.jar:/home/admin1/.m2/repository/org/apache/commons/commons-compress/1.21/commons-compress-1.21.jar:/home/admin1/.m2/repository/org/iq80/snappy/snappy/0.4/snappy-0.4.jar:/home/admin1/.m2/repository/org/tukaani/xz/1.9/xz-1.9.jar:/home/admin1/.m2/repository/org/codehaus/plexus/plexus-io/3.2.0/plexus-io-3.2.0.jar:/home/admin1/.m2/repository/org/codehaus/plexus/plexus-utils/3.3.0/plexus-utils-3.3.0.jar:/home/admin1/.m2/repository/commons-io/commons-io/2.11.0/commons-io-2.11.0.jar:/home/admin1/.m2/repository/org/codehaus/plexus/plexus-interactivity-api/1.1/plexus-interactivity-api-1.1.jar:/home/admin1/.m2/repository/org/apache/httpcomponents/httpclient/4.5.14/httpclient-4.5.14.jar:/home/admin1/.m2/repository/commons-codec/commons-codec/1.15/commons-codec-1.15.jar:/home/admin1/.m2/repository/com/google/code/gson/gson/2.9.1/gson-2.9.1.jar:"/>
    <property name="java.vm.vendor" value="Private Build"/>
    <property name="sun.arch.data.model" value="64"/>
    <property name="java.vendor.url" value="http://java.oracle.com/"/>
    <property name="user.timezone" value=""/>
    <property name="java.vm.specification.version" value="1.8"/>
    <property name="os.name" value="Linux"/>
    <property name="user.country" value="AR"/>
    <property name="sun.java.launcher" value="SUN_STANDARD"/>
    <property name="sun.boot.library.path" value="/usr/lib/jvm/java-8-openjdk-amd64/jre/lib/amd64"/>
    <property name="sun.java.command" value="/home/admin1/Descargas/china/target/surefire/surefirebooter3370116703820889123.jar /home/admin1/Descargas/china/target/surefire 2023-03-14T01-38-20_656-jvmRun1 surefire7025743389495723983tmp surefire_08697644617487197534tmp"/>
    <property name="surefire.test.class.path" value="/home/admin1/Descargas/china/target/test-classes:/home/admin1/Descargas/china/target/classes:/home/admin1/.m2/repository/org/springframework/boot/spring-boot-starter-web/2.7.9/spring-boot-starter-web-2.7.9.jar:/home/admin1/.m2/repository/org/springframework/boot/spring-boot-starter/2.7.9/spring-boot-starter-2.7.9.jar:/home/admin1/.m2/repository/org/springframework/boot/spring-boot/2.7.9/spring-boot-2.7.9.jar:/home/admin1/.m2/repository/org/springframework/boot/spring-boot-autoconfigure/2.7.9/spring-boot-autoconfigure-2.7.9.jar:/home/admin1/.m2/repository/org/springframework/boot/spring-boot-starter-logging/2.7.9/spring-boot-starter-logging-2.7.9.jar:/home/admin1/.m2/repository/ch/qos/logback/logback-classic/1.2.11/logback-classic-1.2.11.jar:/home/admin1/.m2/repository/ch/qos/logback/logback-core/1.2.11/logback-core-1.2.11.jar:/home/admin1/.m2/repository/org/apache/logging/log4j/log4j-to-slf4j/2.17.2/log4j-to-slf4j-2.17.2.jar:/home/admin1/.m2/repository/org/apache/logging/log4j/log4j-api/2.17.2/log4j-api-2.17.2.jar:/home/admin1/.m2/repository/org/slf4j/jul-to-slf4j/1.7.36/jul-to-slf4j-1.7.36.jar:/home/admin1/.m2/repository/jakarta/annotation/jakarta.annotation-api/1.3.5/jakarta.annotation-api-1.3.5.jar:/home/admin1/.m2/repository/org/yaml/snakeyaml/1.30/snakeyaml-1.30.jar:/home/admin1/.m2/repository/org/springframework/boot/spring-boot-starter-json/2.7.9/spring-boot-starter-json-2.7.9.jar:/home/admin1/.m2/repository/com/fasterxml/jackson/core/jackson-databind/2.13.5/jackson-databind-2.13.5.jar:/home/admin1/.m2/repository/com/fasterxml/jackson/core/jackson-annotations/2.13.5/jackson-annotations-2.13.5.jar:/home/admin1/.m2/repository/com/fasterxml/jackson/core/jackson-core/2.13.5/jackson-core-2.13.5.jar:/home/admin1/.m2/repository/com/fasterxml/jackson/datatype/jackson-datatype-jdk8/2.13.5/jackson-datatype-jdk8-2.13.5.jar:/home/admin1/.m2/repository/com/fasterxml/jackson/datatype/jackson-datatype-jsr310/2.13.5/jackson-datatype-jsr310-2.13.5.jar:/home/admin1/.m2/repository/com/fasterxml/jackson/module/jackson-module-parameter-names/2.13.5/jackson-module-parameter-names-2.13.5.jar:/home/admin1/.m2/repository/org/springframework/boot/spring-boot-starter-tomcat/2.7.9/spring-boot-starter-tomcat-2.7.9.jar:/home/admin1/.m2/repository/org/apache/tomcat/embed/tomcat-embed-core/9.0.71/tomcat-embed-core-9.0.71.jar:/home/admin1/.m2/repository/org/apache/tomcat/embed/tomcat-embed-el/9.0.71/tomcat-embed-el-9.0.71.jar:/home/admin1/.m2/repository/org/apache/tomcat/embed/tomcat-embed-websocket/9.0.71/tomcat-embed-websocket-9.0.71.jar:/home/admin1/.m2/repository/org/springframework/spring-web/5.3.25/spring-web-5.3.25.jar:/home/admin1/.m2/repository/org/springframework/spring-beans/5.3.25/spring-beans-5.3.25.jar:/home/admin1/.m2/repository/org/springframework/spring-webmvc/5.3.25/spring-webmvc-5.3.25.jar:/home/admin1/.m2/repository/org/springframework/spring-aop/5.3.25/spring-aop-5.3.25.jar:/home/admin1/.m2/repository/org/springframework/spring-context/5.3.25/spring-context-5.3.25.jar:/home/admin1/.m2/repository/org/springframework/spring-expression/5.3.25/spring-expression-5.3.25.jar:/home/admin1/.m2/repository/org/projectlombok/lombok/1.18.26/lombok-1.18.26.jar:/home/admin1/.m2/repository/org/springframework/boot/spring-boot-starter-test/2.7.9/spring-boot-starter-test-2.7.9.jar:/home/admin1/.m2/repository/org/springframework/boot/spring-boot-test/2.7.9/spring-boot-test-2.7.9.jar:/home/admin1/.m2/repository/org/springframework/boot/spring-boot-test-autoconfigure/2.7.9/spring-boot-test-autoconfigure-2.7.9.jar:/home/admin1/.m2/repository/com/jayway/jsonpath/json-path/2.7.0/json-path-2.7.0.jar:/home/admin1/.m2/repository/net/minidev/json-smart/2.4.8/json-smart-2.4.8.jar:/home/admin1/.m2/repository/net/minidev/accessors-smart/2.4.8/accessors-smart-2.4.8.jar:/home/admin1/.m2/repository/org/slf4j/slf4j-api/1.7.36/slf4j-api-1.7.36.jar:/home/admin1/.m2/repository/jakarta/xml/bind/jakarta.xml.bind-api/2.3.3/jakarta.xml.bind-api-2.3.3.jar:/home/admin1/.m2/repository/jakarta/activation/jakarta.activation-api/1.2.2/jakarta.activation-api-1.2.2.jar:/home/admin1/.m2/repository/org/assertj/assertj-core/3.22.0/assertj-core-3.22.0.jar:/home/admin1/.m2/repository/org/hamcrest/hamcrest/2.2/hamcrest-2.2.jar:/home/admin1/.m2/repository/org/junit/jupiter/junit-jupiter/5.8.2/junit-jupiter-5.8.2.jar:/home/admin1/.m2/repository/org/junit/jupiter/junit-jupiter-api/5.8.2/junit-jupiter-api-5.8.2.jar:/home/admin1/.m2/repository/org/opentest4j/opentest4j/1.2.0/opentest4j-1.2.0.jar:/home/admin1/.m2/repository/org/junit/platform/junit-platform-commons/1.8.2/junit-platform-commons-1.8.2.jar:/home/admin1/.m2/repository/org/apiguardian/apiguardian-api/1.1.2/apiguardian-api-1.1.2.jar:/home/admin1/.m2/repository/org/junit/jupiter/junit-jupiter-params/5.8.2/junit-jupiter-params-5.8.2.jar:/home/admin1/.m2/repository/org/junit/jupiter/junit-jupiter-engine/5.8.2/junit-jupiter-engine-5.8.2.jar:/home/admin1/.m2/repository/org/junit/platform/junit-platform-engine/1.8.2/junit-platform-engine-1.8.2.jar:/home/admin1/.m2/repository/org/mockito/mockito-core/4.5.1/mockito-core-4.5.1.jar:/home/admin1/.m2/repository/net/bytebuddy/byte-buddy/1.12.23/byte-buddy-1.12.23.jar:/home/admin1/.m2/repository/net/bytebuddy/byte-buddy-agent/1.12.23/byte-buddy-agent-1.12.23.jar:/home/admin1/.m2/repository/org/objenesis/objenesis/3.2/objenesis-3.2.jar:/home/admin1/.m2/repository/org/mockito/mockito-junit-jupiter/4.5.1/mockito-junit-jupiter-4.5.1.jar:/home/admin1/.m2/repository/org/skyscreamer/jsonassert/1.5.1/jsonassert-1.5.1.jar:/home/admin1/.m2/repository/com/vaadin/external/google/android-json/0.0.20131108.vaadin1/android-json-0.0.20131108.vaadin1.jar:/home/admin1/.m2/repository/org/springframework/spring-core/5.3.25/spring-core-5.3.25.jar:/home/admin1/.m2/repository/org/springframework/spring-jcl/5.3.25/spring-jcl-5.3.25.jar:/home/admin1/.m2/repository/org/springframework/spring-test/5.3.25/spring-test-5.3.25.jar:/home/admin1/.m2/repository/org/xmlunit/xmlunit-core/2.9.1/xmlunit-core-2.9.1.jar:/home/admin1/.m2/repository/com/mercadopago/sdk-java/2.1.6/sdk-java-2.1.6.jar:/home/admin1/.m2/repository/org/apache/maven/plugins/maven-javadoc-plugin/3.3.2/maven-javadoc-plugin-3.3.2.jar:/home/admin1/.m2/repository/org/apache/maven/maven-core/3.0/maven-core-3.0.jar:/home/admin1/.m2/repository/org/apache/maven/maven-settings-builder/3.0/maven-settings-builder-3.0.jar:/home/admin1/.m2/repository/org/apache/maven/maven-repository-metadata/3.0/maven-repository-metadata-3.0.jar:/home/admin1/.m2/repository/org/apache/maven/maven-model-builder/3.0/maven-model-builder-3.0.jar:/home/admin1/.m2/repository/org/apache/maven/maven-aether-provider/3.0/maven-aether-provider-3.0.jar:/home/admin1/.m2/repository/org/sonatype/aether/aether-impl/1.7/aether-impl-1.7.jar:/home/admin1/.m2/repository/org/sonatype/aether/aether-spi/1.7/aether-spi-1.7.jar:/home/admin1/.m2/repository/org/sonatype/aether/aether-api/1.7/aether-api-1.7.jar:/home/admin1/.m2/repository/org/sonatype/aether/aether-util/1.7/aether-util-1.7.jar:/home/admin1/.m2/repository/org/sonatype/sisu/sisu-inject-plexus/1.4.2/sisu-inject-plexus-1.4.2.jar:/home/admin1/.m2/repository/org/sonatype/sisu/sisu-inject-bean/1.4.2/sisu-inject-bean-1.4.2.jar:/home/admin1/.m2/repository/org/sonatype/sisu/sisu-guice/2.1.7/sisu-guice-2.1.7-noaop.jar:/home/admin1/.m2/repository/org/codehaus/plexus/plexus-interpolation/1.14/plexus-interpolation-1.14.jar:/home/admin1/.m2/repository/org/codehaus/plexus/plexus-classworlds/2.2.3/plexus-classworlds-2.2.3.jar:/home/admin1/.m2/repository/org/codehaus/plexus/plexus-component-annotations/1.5.5/plexus-component-annotations-1.5.5.jar:/home/admin1/.m2/repository/org/sonatype/plexus/plexus-sec-dispatcher/1.3/plexus-sec-dispatcher-1.3.jar:/home/admin1/.m2/repository/org/sonatype/plexus/plexus-cipher/1.4/plexus-cipher-1.4.jar:/home/admin1/.m2/repository/org/apache/maven/maven-model/3.0/maven-model-3.0.jar:/home/admin1/.m2/repository/org/apache/maven/maven-settings/3.0/maven-settings-3.0.jar:/home/admin1/.m2/repository/org/apache/maven/maven-plugin-api/3.0/maven-plugin-api-3.0.jar:/home/admin1/.m2/repository/org/apache/maven/maven-artifact/3.0/maven-artifact-3.0.jar:/home/admin1/.m2/repository/org/apache/maven/reporting/maven-reporting-api/3.1.0/maven-reporting-api-3.1.0.jar:/home/admin1/.m2/repository/org/apache/maven/maven-archiver/3.5.1/maven-archiver-3.5.1.jar:/home/admin1/.m2/repository/org/apache/maven/shared/maven-shared-utils/3.3.3/maven-shared-utils-3.3.3.jar:/home/admin1/.m2/repository/org/apache/maven/shared/maven-invoker/3.1.0/maven-invoker-3.1.0.jar:/home/admin1/.m2/repository/javax/inject/javax.inject/1/javax.inject-1.jar:/home/admin1/.m2/repository/org/apache/maven/shared/maven-common-artifact-filters/3.1.1/maven-common-artifact-filters-3.1.1.jar:/home/admin1/.m2/repository/org/apache/maven/shared/maven-artifact-transfer/0.13.1/maven-artifact-transfer-0.13.1.jar:/home/admin1/.m2/repository/org/apache/maven/doxia/doxia-sink-api/1.11.1/doxia-sink-api-1.11.1.jar:/home/admin1/.m2/repository/org/apache/maven/doxia/doxia-logging-api/1.11.1/doxia-logging-api-1.11.1.jar:/home/admin1/.m2/repository/org/apache/maven/doxia/doxia-site-renderer/1.11.1/doxia-site-renderer-1.11.1.jar:/home/admin1/.m2/repository/org/apache/maven/doxia/doxia-core/1.11.1/doxia-core-1.11.1.jar:/home/admin1/.m2/repository/org/apache/maven/doxia/doxia-decoration-model/1.11.1/doxia-decoration-model-1.11.1.jar:/home/admin1/.m2/repository/org/apache/maven/doxia/doxia-skin-model/1.11.1/doxia-skin-model-1.11.1.jar:/home/admin1/.m2/repository/org/apache/maven/doxia/doxia-module-xhtml/1.11.1/doxia-module-xhtml-1.11.1.jar:/home/admin1/.m2/repository/org/apache/maven/doxia/doxia-module-xhtml5/1.11.1/doxia-module-xhtml5-1.11.1.jar:/home/admin1/.m2/repository/org/codehaus/plexus/plexus-i18n/1.0-beta-10/plexus-i18n-1.0-beta-10.jar:/home/admin1/.m2/repository/org/codehaus/plexus/plexus-container-default/1.0-alpha-30/plexus-container-default-1.0-alpha-30.jar:/home/admin1/.m2/repository/junit/junit/4.13.2/junit-4.13.2.jar:/home/admin1/.m2/repository/org/hamcrest/hamcrest-core/2.2/hamcrest-core-2.2.jar:/home/admin1/.m2/repository/org/codehaus/plexus/plexus-velocity/1.2/plexus-velocity-1.2.jar:/home/admin1/.m2/repository/org/apache/velocity/velocity/1.7/velocity-1.7.jar:/home/admin1/.m2/repository/commons-lang/commons-lang/2.4/commons-lang-2.4.jar:/home/admin1/.m2/repository/org/apache/velocity/velocity-tools/2.0/velocity-tools-2.0.jar:/home/admin1/.m2/repository/commons-beanutils/commons-beanutils/1.7.0/commons-beanutils-1.7.0.jar:/home/admin1/.m2/repository/commons-digester/commons-digester/1.8/commons-digester-1.8.jar:/home/admin1/.m2/repository/commons-chain/commons-chain/1.1/commons-chain-1.1.jar:/home/admin1/.m2/repository/commons-logging/commons-logging/1.1/commons-logging-1.1.jar:/home/admin1/.m2/repository/dom4j/dom4j/1.1/dom4j-1.1.jar:/home/admin1/.m2/repository/oro/oro/2.0.8/oro-2.0.8.jar:/home/admin1/.m2/repository/commons-collections/commons-collections/3.2.2/commons-collections-3.2.2.jar:/home/admin1/.m2/repository/org/apache/maven/wagon/wagon-provider-api/2.4/wagon-provider-api-2.4.jar:/home/admin1/.m2/repository/org/apache/commons/commons-lang3/3.12.0/commons-lang3-3.12.0.jar:/home/admin1/.m2/repository/org/apache/commons/commons-text/1.9/commons-text-1.9.jar:/home/admin1/.m2/repository/org/apache/httpcomponents/httpcore/4.4.16/httpcore-4.4.16.jar:/home/admin1/.m2/repository/com/thoughtworks/qdox/qdox/2.0.1/qdox-2.0.1.jar:/home/admin1/.m2/repository/org/codehaus/plexus/plexus-java/1.1.0/plexus-java-1.1.0.jar:/home/admin1/.m2/repository/org/ow2/asm/asm/9.2/asm-9.2.jar:/home/admin1/.m2/repository/org/codehaus/plexus/plexus-archiver/4.2.6/plexus-archiver-4.2.6.jar:/home/admin1/.m2/repository/org/apache/commons/commons-compress/1.21/commons-compress-1.21.jar:/home/admin1/.m2/repository/org/iq80/snappy/snappy/0.4/snappy-0.4.jar:/home/admin1/.m2/repository/org/tukaani/xz/1.9/xz-1.9.jar:/home/admin1/.m2/repository/org/codehaus/plexus/plexus-io/3.2.0/plexus-io-3.2.0.jar:/home/admin1/.m2/repository/org/codehaus/plexus/plexus-utils/3.3.0/plexus-utils-3.3.0.jar:/home/admin1/.m2/repository/commons-io/commons-io/2.11.0/commons-io-2.11.0.jar:/home/admin1/.m2/repository/org/codehaus/plexus/plexus-interactivity-api/1.1/plexus-interactivity-api-1.1.jar:/home/admin1/.m2/repository/org/apache/httpcomponents/httpclient/4.5.14/httpclient-4.5.14.jar:/home/admin1/.m2/repository/commons-codec/commons-codec/1.15/commons-codec-1.15.jar:/home/admin1/.m2/repository/com/google/code/gson/gson/2.9.1/gson-2.9.1.jar:"/>
    <property name="sun.cpu.endian" value="little"/>
    <property name="user.home" value="/home/admin1"/>
    <property name="user.language" value="es"/>
    <property name="java.specification.vendor" value="Oracle Corporation"/>
    <property name="java.home" value="/usr/lib/jvm/java-8-openjdk-amd64/jre"/>
    <property name="basedir" value="/home/admin1/Descargas/china"/>
    <property name="file.separator" value="/"/>
    <property name="line.separator" value="&#10;"/>
    <property name="java.vm.specification.vendor" value="Oracle Corporation"/>
    <property name="java.specification.name" value="Java Platform API Specification"/>
    <property name="java.awt.graphicsenv" value="sun.awt.X11GraphicsEnvironment"/>
    <property name="surefire.real.class.path" value="/home/admin1/Descargas/china/target/surefire/surefirebooter3370116703820889123.jar"/>
    <property name="sun.boot.class.path" value="/usr/lib/jvm/java-8-openjdk-amd64/jre/lib/resources.jar:/usr/lib/jvm/java-8-openjdk-amd64/jre/lib/rt.jar:/usr/lib/jvm/java-8-openjdk-amd64/jre/lib/sunrsasign.jar:/usr/lib/jvm/java-8-openjdk-amd64/jre/lib/jsse.jar:/usr/lib/jvm/java-8-openjdk-amd64/jre/lib/jce.jar:/usr/lib/jvm/java-8-openjdk-amd64/jre/lib/charsets.jar:/usr/lib/jvm/java-8-openjdk-amd64/jre/lib/jfr.jar:/usr/lib/jvm/java-8-openjdk-amd64/jre/classes"/>
    <property name="sun.management.compiler" value="HotSpot 64-Bit Tiered Compilers"/>
    <property name="java.runtime.version" value="1.8.0_362-8u362-ga-0ubuntu1~22.04-b09"/>
    <property name="user.name" value="admin1"/>
    <property name="path.separator" value=":"/>
    <property name="os.version" value="5.19.0-35-generic"/>
    <property name="java.endorsed.dirs" value="/usr/lib/jvm/java-8-openjdk-amd64/jre/lib/endorsed"/>
    <property name="java.runtime.name" value="OpenJDK Runtime Environment"/>
    <property name="file.encoding" value="UTF-8"/>
    <property name="java.vm.name" value="OpenJDK 64-Bit Server VM"/>
    <property name="localRepository" value="/home/admin1/.m2/repository"/>
    <property name="java.vendor.url.bug" value="http://bugreport.sun.com/bugreport/"/>
    <property name="java.io.tmpdir" value="/tmp"/>
    <property name="java.version" value="1.8.0_362"/>
    <property name="user.dir" value="/home/admin1/Descargas/china"/>
    <property name="os.arch" value="amd64"/>
    <property name="java.vm.specification.name" value="Java Virtual Machine Specification"/>
    <property name="java.awt.printerjob" value="sun.print.PSPrinterJob"/>
    <property name="sun.os.patch.level" value="unknown"/>
    <property name="java.library.path" value="/usr/java/packages/lib/amd64:/usr/lib/x86_64-linux-gnu/jni:/lib/x86_64-linux-gnu:/usr/lib/x86_64-linux-gnu:/usr/lib/jni:/lib:/usr/lib"/>
    <property name="java.vm.info" value="mixed mode"/>
    <property name="java.vendor" value="Private Build"/>
    <property name="java.vm.version" value="25.362-b09"/>
    <property name="java.specification.maintenance.version" value="4"/>
    <property name="java.ext.dirs" value="/usr/lib/jvm/java-8-openjdk-amd64/jre/lib/ext:/usr/java/packages/lib/ext"/>
    <property name="sun.io.unicode.encoding" value="UnicodeLittle"/>
    <property name="java.class.version" value="52.0"/>
  </properties>
  <testcase name="contextLoads" classname="com.china.china.ChinaApplicationTests" time="1.463"/>
</testsuite>